# JRE version: OpenJDK Runtime Environment (21.0.10) (build 21.0.10+-14961533-b1163.108)
# Java VM: OpenJDK 64-Bit Server VM (21.0.10+-14961533-b1163.108, mixed mode, tiered, compressed oops, compressed class ptrs, g1 gc, windows-amd64)
GC Precious Log:
 CardTable entry size: 512
 Card Set container configuration: InlinePtr #cards 5 size 8 Array Of Cards #cards 12 size 40 Howl #buckets 4 coarsen threshold 1843 Howl Bitmap #cards 512 size 80 coarsen threshold 460 Card regions per heap region 1 cards per card region 2048
 CPUs: 8 total, 8 available
 Memory: 7886M
 Large Page Support: Disabled
 NUMA Support: Disabled
 Compressed Oops: Enabled (32-bit)
 Heap Region Size: 1M
 Heap Min Capacity: 8M
 Heap Initial Capacity: 124M
 Heap Max Capacity: 2G
 Pre-touch: Disabled
 Parallel Workers: 8
 Concurrent Workers: 2
 Concurrent Refinement Workers: 8
 Periodic GC: Disabled
Heap:
 garbage-first heap   total 391168K, used 234897K [0x0000000080000000, 0x0000000100000000)
  region size 1024K, 3 young (3072K), 3 survivors (3072K)
 Metaspace       used 162169K, committed 164672K, reserved 1245184K
  class space    used 22887K, committed 24128K, reserved 1048576K
GC Heap History (20 events):
Event: 24.165 GC heap after
{Heap after GC invocations=59 (full 0):
 garbage-first heap   total 358400K, used 203316K [0x0000000080000000, 0x0000000100000000)
  region size 1024K, 3 young (3072K), 3 survivors (3072K)
 Metaspace       used 147035K, committed 149440K, reserved 1179648K
  class space    used 21036K, committed 22208K, reserved 1048576K
}
Event: 24.334 GC heap before
{Heap before GC invocations=59 (full 0):
 garbage-first heap   total 358400K, used 245300K [0x0000000080000000, 0x0000000100000000)
  region size 1024K, 46 young (47104K), 3 survivors (3072K)
 Metaspace       used 147091K, committed 149504K, reserved 1179648K
  class space    used 21037K, committed 22208K, reserved 1048576K
}
Event: 24.337 GC heap after
{Heap after GC invocations=60 (full 0):
 garbage-first heap   total 358400K, used 202733K [0x0000000080000000, 0x0000000100000000)
  region size 1024K, 2 young (2048K), 2 survivors (2048K)
 Metaspace       used 147091K, committed 149504K, reserved 1179648K
  class space    used 21037K, committed 22208K, reserved 1048576K
}
Event: 25.041 GC heap before
{Heap before GC invocations=61 (full 0):
 garbage-first heap   total 358400K, used 324589K [0x0000000080000000, 0x0000000100000000)
  region size 1024K, 135 young (138240K), 2 survivors (2048K)
 Metaspace       used 147332K, committed 149760K, reserved 1179648K
  class space    used 21067K, committed 22208K, reserved 1048576K
}
Event: 25.045 GC heap after
{Heap after GC invocations=62 (full 0):
 garbage-first heap   total 358400K, used 189140K [0x0000000080000000, 0x0000000100000000)
  region size 1024K, 3 young (3072K), 3 survivors (3072K)
 Metaspace       used 147332K, committed 149760K, reserved 1179648K
  class space    used 21067K, committed 22208K, reserved 1048576K
}
Event: 28.293 GC heap before
{Heap before GC invocations=62 (full 0):
 garbage-first heap   total 358400K, used 338644K [0x0000000080000000, 0x0000000100000000)
  region size 1024K, 144 young (147456K), 3 survivors (3072K)
 Metaspace       used 155080K, committed 157568K, reserved 1245184K
  class space    used 22108K, committed 23296K, reserved 1048576K
}
Event: 28.299 GC heap after
{Heap after GC invocations=63 (full 0):
 garbage-first heap   total 358400K, used 162625K [0x0000000080000000, 0x0000000100000000)
  region size 1024K, 6 young (6144K), 6 survivors (6144K)
 Metaspace       used 155080K, committed 157568K, reserved 1245184K
  class space    used 22108K, committed 23296K, reserved 1048576K
}
Event: 29.566 GC heap before
{Heap before GC invocations=63 (full 0):
 garbage-first heap   total 358400K, used 337729K [0x0000000080000000, 0x0000000100000000)
  region size 1024K, 179 young (183296K), 6 survivors (6144K)
 Metaspace       used 158487K, committed 160896K, reserved 1245184K
  class space    used 22524K, committed 23680K, reserved 1048576K
}
Event: 29.579 GC heap after
{Heap after GC invocations=64 (full 0):
 garbage-first heap   total 358400K, used 165618K [0x0000000080000000, 0x0000000100000000)
  region size 1024K, 10 young (10240K), 10 survivors (10240K)
 Metaspace       used 158487K, committed 160896K, reserved 1245184K
  class space    used 22524K, committed 23680K, reserved 1048576K
}
Event: 30.453 GC heap before
{Heap before GC invocations=65 (full 0):
 garbage-first heap   total 358400K, used 335602K [0x0000000080000000, 0x0000000100000000)
  region size 1024K, 177 young (181248K), 10 survivors (10240K)
 Metaspace       used 159366K, committed 161856K, reserved 1245184K
  class space    used 22631K, committed 23872K, reserved 1048576K
}
Event: 30.472 GC heap after
{Heap after GC invocations=66 (full 0):
 garbage-first heap   total 358400K, used 168220K [0x0000000080000000, 0x0000000100000000)
  region size 1024K, 15 young (15360K), 15 survivors (15360K)
 Metaspace       used 159366K, committed 161856K, reserved 1245184K
  class space    used 22631K, committed 23872K, reserved 1048576K
}
Event: 31.121 GC heap before
{Heap before GC invocations=66 (full 0):
 garbage-first heap   total 358400K, used 336156K [0x0000000080000000, 0x0000000100000000)
  region size 1024K, 180 young (184320K), 15 survivors (15360K)
 Metaspace       used 160451K, committed 162944K, reserved 1245184K
  class space    used 22767K, committed 24000K, reserved 1048576K
}
Event: 31.160 GC heap after
{Heap after GC invocations=67 (full 0):
 garbage-first heap   total 384000K, used 193794K [0x0000000080000000, 0x0000000100000000)
  region size 1024K, 23 young (23552K), 23 survivors (23552K)
 Metaspace       used 160451K, committed 162944K, reserved 1245184K
  class space    used 22767K, committed 24000K, reserved 1048576K
}
Event: 31.544 GC heap before
{Heap before GC invocations=67 (full 0):
 garbage-first heap   total 384000K, used 340226K [0x0000000080000000, 0x0000000100000000)
  region size 1024K, 167 young (171008K), 23 survivors (23552K)
 Metaspace       used 161184K, committed 163712K, reserved 1245184K
  class space    used 22829K, committed 24064K, reserved 1048576K
}
Event: 31.591 GC heap after
{Heap after GC invocations=68 (full 0):
 garbage-first heap   total 391168K, used 220160K [0x0000000080000000, 0x0000000100000000)
  region size 1024K, 21 young (21504K), 21 survivors (21504K)
 Metaspace       used 161184K, committed 163712K, reserved 1245184K
  class space    used 22829K, committed 24064K, reserved 1048576K
}
Event: 32.167 GC heap before
{Heap before GC invocations=69 (full 0):
 garbage-first heap   total 391168K, used 344064K [0x0000000080000000, 0x0000000100000000)
  region size 1024K, 145 young (148480K), 21 survivors (21504K)
 Metaspace       used 161617K, committed 164160K, reserved 1245184K
  class space    used 22833K, committed 24064K, reserved 1048576K
}
Event: 32.195 GC heap after
{Heap after GC invocations=70 (full 0):
 garbage-first heap   total 391168K, used 237056K [0x0000000080000000, 0x0000000100000000)
  region size 1024K, 17 young (17408K), 17 survivors (17408K)
 Metaspace       used 161617K, committed 164160K, reserved 1245184K
  class space    used 22833K, committed 24064K, reserved 1048576K
}
Event: 32.548 GC heap before
{Heap before GC invocations=70 (full 0):
 garbage-first heap   total 391168K, used 349696K [0x0000000080000000, 0x0000000100000000)
  region size 1024K, 128 young (131072K), 17 survivors (17408K)
 Metaspace       used 162091K, committed 164544K, reserved 1245184K
  class space    used 22873K, committed 24064K, reserved 1048576K
}
Event: 32.561 GC heap after
{Heap after GC invocations=71 (full 0):
 garbage-first heap   total 391168K, used 235008K [0x0000000080000000, 0x0000000100000000)
  region size 1024K, 3 young (3072K), 3 survivors (3072K)
 Metaspace       used 162091K, committed 164544K, reserved 1245184K
  class space    used 22873K, committed 24064K, reserved 1048576K
}
Event: 32.930 GC heap before
{Heap before GC invocations=71 (full 0):
 garbage-first heap   total 391168K, used 352768K [0x0000000080000000, 0x0000000100000000)
  region size 1024K, 120 young (122880K), 3 survivors (3072K)
 Metaspace       used 162169K, committed 164672K, reserved 1245184K
  class space    used 22887K, committed 24128K, reserved 1048576K
}

