# JRE version: OpenJDK Runtime Environment (21.0.10) (build 21.0.10+-14961533-b1163.108)
# Java VM: OpenJDK 64-Bit Server VM (21.0.10+-14961533-b1163.108, mixed mode, tiered, compressed oops, compressed class ptrs, g1 gc, windows-amd64)
GC Precious Log:
 CardTable entry size: 512
 Card Set container configuration: InlinePtr #cards 5 size 8 Array Of Cards #cards 12 size 40 Howl #buckets 4 coarsen threshold 1843 Howl Bitmap #cards 512 size 80 coarsen threshold 460 Card regions per heap region 1 cards per card region 2048
 CPUs: 8 total, 8 available
 Memory: 7886M
 Large Page Support: Disabled
 NUMA Support: Disabled
 Compressed Oops: Enabled (32-bit)
 Heap Region Size: 1M
 Heap Min Capacity: 8M
 Heap Initial Capacity: 124M
 Heap Max Capacity: 2G
 Pre-touch: Disabled
 Parallel Workers: 8
 Concurrent Workers: 2
 Concurrent Refinement Workers: 8
 Periodic GC: Disabled
Heap:
 garbage-first heap   total 527360K, used 401098K [0x0000000080000000, 0x0000000100000000)
  region size 1024K, 216 young (221184K), 31 survivors (31744K)
 Metaspace       used 139749K, committed 142144K, reserved 1179648K
  class space    used 19944K, committed 21120K, reserved 1048576K
GC Heap History (20 events):
Event: 20.550 GC heap before
{Heap before GC invocations=54 (full 0):
 garbage-first heap   total 524288K, used 440913K [0x0000000080000000, 0x0000000100000000)
  region size 1024K, 253 young (259072K), 6 survivors (6144K)
 Metaspace       used 135860K, committed 138368K, reserved 1179648K
  class space    used 19457K, committed 20672K, reserved 1048576K
}
Event: 20.562 GC heap after
{Heap after GC invocations=55 (full 0):
 garbage-first heap   total 524288K, used 190941K [0x0000000080000000, 0x0000000100000000)
  region size 1024K, 8 young (8192K), 8 survivors (8192K)
 Metaspace       used 135860K, committed 138368K, reserved 1179648K
  class space    used 19457K, committed 20672K, reserved 1048576K
}
Event: 21.915 GC heap before
{Heap before GC invocations=55 (full 0):
 garbage-first heap   total 524288K, used 491997K [0x0000000080000000, 0x0000000100000000)
  region size 1024K, 303 young (310272K), 8 survivors (8192K)
 Metaspace       used 137526K, committed 139968K, reserved 1179648K
  class space    used 19691K, committed 20864K, reserved 1048576K
}
Event: 21.931 GC heap after
{Heap after GC invocations=56 (full 0):
 garbage-first heap   total 524288K, used 189659K [0x0000000080000000, 0x0000000100000000)
  region size 1024K, 9 young (9216K), 9 survivors (9216K)
 Metaspace       used 137526K, committed 139968K, reserved 1179648K
  class space    used 19691K, committed 20864K, reserved 1048576K
}
Event: 23.020 GC heap before
{Heap before GC invocations=56 (full 0):
 garbage-first heap   total 524288K, used 493787K [0x0000000080000000, 0x0000000100000000)
  region size 1024K, 307 young (314368K), 9 survivors (9216K)
 Metaspace       used 138927K, committed 141376K, reserved 1179648K
  class space    used 19891K, committed 21056K, reserved 1048576K
}
Event: 23.035 GC heap after
{Heap after GC invocations=57 (full 0):
 garbage-first heap   total 524288K, used 195043K [0x0000000080000000, 0x0000000100000000)
  region size 1024K, 14 young (14336K), 14 survivors (14336K)
 Metaspace       used 138927K, committed 141376K, reserved 1179648K
  class space    used 19891K, committed 21056K, reserved 1048576K
}
Event: 23.964 GC heap before
{Heap before GC invocations=58 (full 0):
 garbage-first heap   total 524288K, used 496099K [0x0000000080000000, 0x0000000100000000)
  region size 1024K, 307 young (314368K), 14 survivors (14336K)
 Metaspace       used 139214K, committed 141696K, reserved 1179648K
  class space    used 19914K, committed 21120K, reserved 1048576K
}
Event: 23.984 GC heap after
{Heap after GC invocations=59 (full 0):
 garbage-first heap   total 524288K, used 200401K [0x0000000080000000, 0x0000000100000000)
  region size 1024K, 19 young (19456K), 19 survivors (19456K)
 Metaspace       used 139214K, committed 141696K, reserved 1179648K
  class space    used 19914K, committed 21120K, reserved 1048576K
}
Event: 24.514 GC heap before
{Heap before GC invocations=59 (full 0):
 garbage-first heap   total 524288K, used 495313K [0x0000000080000000, 0x0000000100000000)
  region size 1024K, 307 young (314368K), 19 survivors (19456K)
 Metaspace       used 139333K, committed 141824K, reserved 1179648K
  class space    used 19920K, committed 21120K, reserved 1048576K
}
Event: 24.532 GC heap after
{Heap after GC invocations=60 (full 0):
 garbage-first heap   total 524288K, used 199136K [0x0000000080000000, 0x0000000100000000)
  region size 1024K, 21 young (21504K), 21 survivors (21504K)
 Metaspace       used 139333K, committed 141824K, reserved 1179648K
  class space    used 19920K, committed 21120K, reserved 1048576K
}
Event: 25.074 GC heap before
{Heap before GC invocations=60 (full 0):
 garbage-first heap   total 524288K, used 492000K [0x0000000080000000, 0x0000000100000000)
  region size 1024K, 307 young (314368K), 21 survivors (21504K)
 Metaspace       used 139479K, committed 141888K, reserved 1179648K
  class space    used 19934K, committed 21120K, reserved 1048576K
}
Event: 25.092 GC heap after
{Heap after GC invocations=61 (full 0):
 garbage-first heap   total 524288K, used 196028K [0x0000000080000000, 0x0000000100000000)
  region size 1024K, 18 young (18432K), 18 survivors (18432K)
 Metaspace       used 139479K, committed 141888K, reserved 1179648K
  class space    used 19934K, committed 21120K, reserved 1048576K
}
Event: 25.918 GC heap before
{Heap before GC invocations=62 (full 0):
 garbage-first heap   total 524288K, used 490940K [0x0000000080000000, 0x0000000100000000)
  region size 1024K, 307 young (314368K), 18 survivors (18432K)
 Metaspace       used 139547K, committed 141952K, reserved 1179648K
  class space    used 19934K, committed 21120K, reserved 1048576K
}
Event: 25.932 GC heap after
{Heap after GC invocations=63 (full 0):
 garbage-first heap   total 524288K, used 195040K [0x0000000080000000, 0x0000000100000000)
  region size 1024K, 17 young (17408K), 17 survivors (17408K)
 Metaspace       used 139547K, committed 141952K, reserved 1179648K
  class space    used 19934K, committed 21120K, reserved 1048576K
}
Event: 26.352 GC heap before
{Heap before GC invocations=63 (full 0):
 garbage-first heap   total 524288K, used 492000K [0x0000000080000000, 0x0000000100000000)
  region size 1024K, 307 young (314368K), 17 survivors (17408K)
 Metaspace       used 139589K, committed 142016K, reserved 1179648K
  class space    used 19937K, committed 21120K, reserved 1048576K
}
Event: 26.375 GC heap after
{Heap after GC invocations=64 (full 0):
 garbage-first heap   total 524288K, used 200153K [0x0000000080000000, 0x0000000100000000)
  region size 1024K, 25 young (25600K), 25 survivors (25600K)
 Metaspace       used 139589K, committed 142016K, reserved 1179648K
  class space    used 19937K, committed 21120K, reserved 1048576K
}
Event: 26.854 GC heap before
{Heap before GC invocations=64 (full 0):
 garbage-first heap   total 524288K, used 488921K [0x0000000080000000, 0x0000000100000000)
  region size 1024K, 307 young (314368K), 25 survivors (25600K)
 Metaspace       used 139675K, committed 142080K, reserved 1179648K
  class space    used 19940K, committed 21120K, reserved 1048576K
}
Event: 26.874 GC heap after
{Heap after GC invocations=65 (full 0):
 garbage-first heap   total 524288K, used 199882K [0x0000000080000000, 0x0000000100000000)
  region size 1024K, 20 young (20480K), 20 survivors (20480K)
 Metaspace       used 139675K, committed 142080K, reserved 1179648K
  class space    used 19940K, committed 21120K, reserved 1048576K
}
Event: 27.812 GC heap before
{Heap before GC invocations=66 (full 0):
 garbage-first heap   total 524288K, used 493770K [0x0000000080000000, 0x0000000100000000)
  region size 1024K, 307 young (314368K), 20 survivors (20480K)
 Metaspace       used 139716K, committed 142144K, reserved 1179648K
  class space    used 19942K, committed 21120K, reserved 1048576K
}
Event: 27.854 GC heap after
{Heap after GC invocations=67 (full 0):
 garbage-first heap   total 527360K, used 211658K [0x0000000080000000, 0x0000000100000000)
  region size 1024K, 31 young (31744K), 31 survivors (31744K)
 Metaspace       used 139716K, committed 142144K, reserved 1179648K
  class space    used 19942K, committed 21120K, reserved 1048576K
}

